admin-root/apache-2.0.html
admin-root/apache-2.0.txt
admin-root/applet.html
admin-root/DAAPApplet-0.1.jar
admin-root/favicon.ico
admin-root/upnp/ff_logo_16.png
admin-root/upnp/ff_logo_32.png
admin-root/upnp/ff_logo_48.png
admin-root/upnp-basic.xml
admin-root/upnp-cd.xml
admin-root/upnp-cm.xml
contrib/mt-daapd.fc2.spec
contrib/mt-daapd.fc3.spec
Doxyfile
mkdeb.sh.templ
mkdist.sh.templ
mkmac.sh.templ
reconf.sh.templ
src/config-driver.c
src/config.mk
src/getopt.c
src/getopt.h
src/io-driver.c
src/io.mk
src/parser-driver.c
src/parser.mk
src/plugins/ssc-wma.cpp
src/plugins/w32-event.c
src/rend-win32.c
src/scanner-driver.c
src/scanner.mk
src/ssl.c
src/tabs.sh
src/transcoder-driver.c
src/transcoder.mk
src/uici.c
src/uici.h
src/wsprivate.h
tools/decodeflow.c